[GIN-debug] [WARNING] Creating an Engine instance with the Logger and Recovery middleware already attached.

[GIN-debug] [WARNING] Running in "debug" mode. Switch to "release" mode in production.
 - using env:	export GIN_MODE=release
 - using code:	gin.SetMode(gin.ReleaseMode)

[GIN-debug] GET    /health                   --> cbs-simulator/api/routes.SetupRoutes.func1 (6 handlers)
[GIN-debug] POST   /api/v1/auth/login        --> cbs-simulator/api/handlers.Login (6 handlers)
[GIN-debug] POST   /api/v1/auth/register     --> cbs-simulator/api/handlers.Register (6 handlers)
[GIN-debug] POST   /api/v1/auth/otp/request  --> cbs-simulator/api/handlers.RequestOTP (6 handlers)
[GIN-debug] POST   /api/v1/auth/otp/verify   --> cbs-simulator/api/handlers.VerifyOTPHandler (6 handlers)
[GIN-debug] POST   /api/v1/auth/ekyc/verify  --> cbs-simulator/api/handlers.VerifyEKYC (6 handlers)
[GIN-debug] POST   /api/v1/auth/unlock       --> cbs-simulator/api/handlers.UnlockAccount (6 handlers)
[GIN-debug] POST   /api/v1/auth/reset-pin    --> cbs-simulator/api/handlers.ResetPINHandler (6 handlers)
[GIN-debug] POST   /api/v1/auth/logout       --> cbs-simulator/api/handlers.Logout (8 handlers)
[GIN-debug] POST   /api/v1/auth/refresh      --> cbs-simulator/api/handlers.RefreshToken (8 handlers)
[GIN-debug] POST   /api/v1/auth/change-pin   --> cbs-simulator/api/handlers.ChangePIN (8 handlers)
[GIN-debug] GET    /api/v1/auth/profile      --> cbs-simulator/api/handlers.GetProfile (8 handlers)
[GIN-debug] GET    /api/v1/customers/:cif    --> cbs-simulator/api/handlers.GetAccountsByCIF (8 handlers)
[GIN-debug] GET    /api/v1/customers/:cif/accounts --> cbs-simulator/api/handlers.GetAccountsByCIF (8 handlers)
[GIN-debug] GET    /api/v1/accounts/:account_number --> cbs-simulator/api/handlers.GetAccountBalance (8 handlers)
[GIN-debug] GET    /api/v1/accounts/:account_number/transactions --> cbs-simulator/api/handlers.GetAccountStatement (8 handlers)
[GIN-debug] GET    /api/v1/accounts/:account_number/balance --> cbs-simulator/api/handlers.GetAccountBalance (8 handlers)
[GIN-debug] POST   /api/v1/transfers/intra   --> cbs-simulator/api/handlers.IntraBankTransfer (8 handlers)
[GIN-debug] POST   /api/v1/transfers/inter   --> cbs-simulator/api/handlers.InterBankTransfer (8 handlers)
[GIN-debug] GET    /api/v1/transfers/fees    --> cbs-simulator/api/handlers.GetTransferFees (8 handlers)
[GIN-debug] POST   /api/v1/bills/pay         --> cbs-simulator/api/handlers.PayBill (8 handlers)
[GIN-debug] GET    /api/v1/bills/history     --> cbs-simulator/api/handlers.GetAllBills (8 handlers)
[GIN-debug] GET    /api/v1/cards/:cif        --> cbs-simulator/api/handlers.GetCardsByCIF (8 handlers)
[GIN-debug] POST   /api/v1/cards/block       --> cbs-simulator/api/handlers.BlockCard (8 handlers)
[GIN-debug] POST   /api/v1/cards/unblock     --> cbs-simulator/api/handlers.UnblockCard (8 handlers)
[GIN-debug] GET    /api/v1/loans/:cif        --> cbs-simulator/api/handlers.GetLoansByCIF (8 handlers)
[GIN-debug] GET    /api/v1/loans/detail/:loan_number --> cbs-simulator/api/handlers.GetLoanDetails (8 handlers)
[GIN-debug] GET    /api/v1/deposits/:cif     --> cbs-simulator/api/handlers.GetDepositsByCIF (8 handlers)
[GIN-debug] GET    /api/v1/deposits/detail/:deposit_number --> cbs-simulator/api/handlers.GetDepositDetails (8 handlers)
[GIN-debug] GET    /api/v1/notifications/:cif --> cbs-simulator/api/handlers.GetNotifications (8 handlers)
[GIN-debug] POST   /api/v1/notifications/read --> cbs-simulator/api/handlers.MarkNotificationAsRead (8 handlers)
[GIN-debug] POST   /api/v1/payments/qris     --> cbs-simulator/api/handlers.ProcessQRISPayment (8 handlers)
[GIN-debug] POST   /api/v1/payments/va       --> cbs-simulator/api/handlers.ProcessVAPayment (8 handlers)
[GIN-debug] POST   /api/v1/payments/ewallet/topup --> cbs-simulator/api/handlers.ProcessEWalletTopup (8 handlers)
[GIN-debug] POST   /api/v1/payments/emoney/topup --> cbs-simulator/api/handlers.ProcessEMoneyTopup (8 handlers)
[GIN-debug] GET    /api/v1/gl/chart-of-accounts --> cbs-simulator/api/handlers.GetChartOfAccounts (8 handlers)
[GIN-debug] GET    /api/v1/gl/journal-entries --> cbs-simulator/api/handlers.GetJournalEntries (8 handlers)
[GIN-debug] GET    /api/v1/gl/journal-entries/:id --> cbs-simulator/api/handlers.GetJournalDetail (8 handlers)
[GIN-debug] GET    /api/v1/gl/trial-balance  --> cbs-simulator/api/handlers.GetTrialBalance (8 handlers)
[GIN-debug] GET    /api/v1/gl/account-balance/:code --> cbs-simulator/api/handlers.GetGLAccountBalance (8 handlers)
[GIN-debug] GET    /api/v1/customers/:cif/overview --> cbs-simulator/api/handlers.GetCustomerOverview (8 handlers)
[GIN-debug] PUT    /api/v1/customers/:cif/extended --> cbs-simulator/api/handlers.UpdateCustomerExtended (8 handlers)
[GIN-debug] GET    /api/v1/customers/search  --> cbs-simulator/api/handlers.SearchCustomers (8 handlers)
[GIN-debug] GET    /api/v1/interest/rates    --> cbs-simulator/api/handlers.GetInterestRates (8 handlers)
[GIN-debug] POST   /api/v1/interest/calculate --> cbs-simulator/api/handlers.SimulateInterest (8 handlers)
[GIN-debug] POST   /api/v1/standing-instructions --> cbs-simulator/api/handlers.CreateStandingInstruction (8 handlers)
[GIN-debug] GET    /api/v1/standing-instructions/:cif --> cbs-simulator/api/handlers.GetStandingInstructions (8 handlers)
[GIN-debug] PUT    /api/v1/standing-instructions/:si/pause --> cbs-simulator/api/handlers.PauseStandingInstruction (8 handlers)
[GIN-debug] DELETE /api/v1/standing-instructions/:si --> cbs-simulator/api/handlers.CancelStandingInstruction (8 handlers)
[GIN-debug] GET    /api/v1/standing-instructions/:si/history --> cbs-simulator/api/handlers.GetSIHistory (8 handlers)
